<?xml version="1.0" encoding="UTF-8"?>
<!-- Generated by org.testng.reporters.JUnitReportReporter -->
<testsuite skipped="0" hostname="DESKTOP-19NCAKV" name="test.Test1" tests="1" failures="0" timestamp="2022-07-14T23:55:11 IST" time="0.290" errors="0">
  <testcase name="test" time="0.290" classname="test.Test1"/>
  <system-out/>
</testsuite> <!-- test.Test1 -->
