<?xml version="1.0" encoding="UTF-8"?>
<!-- Generated by org.testng.reporters.JUnitReportReporter -->
<testsuite skipped="0" hostname="DESKTOP-19NCAKV" name="test.Tests" tests="1" failures="0" timestamp="2022-05-11T21:12:15 IST" time="0.015" errors="0">
  <testcase name="test" time="0.015" classname="test.Tests"/>
  <system-out/>
</testsuite> <!-- test.Tests -->
