<?xml version="1.0" encoding="UTF-8"?>
<!-- Generated by org.testng.reporters.JUnitReportReporter -->
<testsuite skipped="0" hostname="DESKTOP-19NCAKV" name="test.BaseClass" tests="1" failures="0" timestamp="2022-05-11T21:14:19 IST" time="0.010" errors="0">
  <testcase name="test" time="0.010" classname="test.BaseClass"/>
  <system-out/>
</testsuite> <!-- test.BaseClass -->
